Arguments: 
  /usr/local/bin/node /usr/local/Cellar/yarn/1.3.2/libexec/bin/yarn.js

PATH: 
  /usr/local/bin:/usr/bin:/bin:/usr/sbin:/sbin:/opt/X11/bin

Yarn version: 
  1.3.2

Node version: 
  6.10.0

Platform: 
  darwin x64

npm manifest: 
  {
    "name": "Project",
    "version": "1.0.0",
    "author": "Yves Rijckaert",
    "license": "MIT",
    "scripts": {
      "//": "Force the recursive removal of the dist/ folder AND copy the assets in src to the assets in dist AND",
      "production": "rm -rf dist/ && npm run copydist && NODE_ENV=production webpack -p",
      "development": "NODE_ENV=development  webpack-dev-server --open 'Google Chrome'",
      "copydist": "ditto ./src/assets/ ./dist/assets/",
      "clean": "rimraf dist"
    },
    "devDependencies": {
      "babel-core": "^6.26.0",
      "babel-eslint": "^8.0.3",
      "babel-loader": "^7.1.2",
      "babel-preset-env": "^1.6.0",
      "babel-preset-es2015": "^6.24.1",
  
      "//": "Compatibility validation for support of HTML5, CSS3, SVG and more in desktop and mobile browsers.",
      "caniuse-lite": "^1.0.30000760",
  
      "copyfiles": "^1.2.0",
  
      "//": "The css-loader interprets @import and will resolve them. CSS zal in JS zitten, nergens in HTML.",
      "css-loader": "^0.28.7",
  
      "es6-promise": "^4.1.1",
      "eslint": "^4.13.1",
      "eslint-config-devine": "^1.7.1",
      "eslint-loader": "^1.9.0",
      "exports-loader": "^0.6.4",
  
      "//": "Om de css in een aparte file te plaatsen bij de production build. Dus de CSS niet in de JS (zoals bij de development build).",
      "extract-text-webpack-plugin": "^3.0.1",
  
      "//": "Nodig om URL loader te gebruiken. Emit the required object as file and return its URL.",
      "file-loader": "^1.1.5",
  
      "form-data": "^2.3.1",
  
      "//": "Exports HTML as string.",
      "html-loader": "^0.5.1",
  
      "//": "Bundle HTML files.",
      "html-webpack-plugin": "^2.30.1",
  
      "http-server": "^0.10.0",
      "image-webpack-loader": "^3.4.2",
      "imagemin-jpeg-recompress": "^5.1.0",
      "imagemin-webpack-plugin": "^1.5.2",
      "imports-loader": "^0.7.1",
      "isomorphic-fetch": "^2.2.1",
  
      "//": "A tool for transforming styles with JS plugins. Heeft altijd plugins nodig. Gebruiken voor CSS next.",
      "postcss": "^6.0.13",
  
      "//": "PostCSS plugin to transform W3C CSS color function to more compatible CSS.",
      "postcss-color-function": "^4.0.1",
  
      "//": "Allows you to use future CSS features today (includes autoprefixer).",
      "postcss-cssnext": "^3.0.2",
  
      "//": "Zodat Post CSS met @imports overweg kan.",
      "postcss-import": "^11.0.0",
  
      "//": "Loader for webpack to process CSS with PostCSS.",
      "postcss-loader": "^2.0.7",
  
      "//": "A PostCSS plugin to console.log() the messages (warnings, linter errors, etc.) registered by other PostCSS plugins.",
      "postcss-reporter": "^5.0.0",
  
      "postcss-will-change": "^2.0.0",
      "regenerator-runtime": "^0.11.1",
      "rimraf": "^2.6.2",
  
      "//": "Adds CSS to the DOM by injecting a <style> tag.",
      "style-loader": "^0.19.0",
  
      "//": "A mighty, modern CSS linter and fixer that helps you avoid errors and enforce consistent conventions in your stylesheets.",
      "stylelint": "^8.2.0",
  
      "//": "The one and only devine.be stylelint config as a module.",
      "stylelint-config-devine": "^1.1.4",
  
      "//": "Om JPG / SVG / WOFF / ... files te krijgen. Je kan een limit erop zetten.",
      "url-loader": "^0.6.2",
  
      "webpack": "^3.7.1",
  
      "//": "Serves a webpack app. Updates the browser on changes.",
      "webpack-dev-server": "^2.9.3",
  
      "//": "Provides a merge function that concatenates arrays and merges objects creating a new object. Nodig voor de twee configuratie objecten (production en development) te gaan mergen.",
      "webpack-merge": "^4.1.0",
  
      "//": "Helps to inline minimum necessary CSS in HTML documents to prevent stylesheet loading from blocking the Critical Rendering Path.",
      "webpack-plugin-critical": "^1.0.0",
  
      "whatwg-fetch": "^2.0.3"
    }
  }

yarn manifest: 
  No manifest

Lockfile: 
  No lockfile

Trace: 
  Error: getaddrinfo ENOTFOUND registry.yarnpkg.com registry.yarnpkg.com:443
      at errnoException (dns.js:28:10)
      at GetAddrInfoReqWrap.onlookup [as oncomplete] (dns.js:76:26)
